Generated at Fri Jun 10 01:00:09 +0000 2011
Chef::Exceptions::PrivateKeyMissing: I cannot read /etc/chef/client.pem, which you told me to use to sign requests!
/usr/lib/ruby/gems/1.8/gems/chef-0.10.0/bin/../lib/chef/rest/auth_credentials.rb:62:in `load_signing_key'
/usr/lib/ruby/gems/1.8/gems/chef-0.10.0/bin/../lib/chef/rest/auth_credentials.rb:33:in `initialize'
/usr/lib/ruby/gems/1.8/gems/chef-0.10.0/bin/../lib/chef/rest.rb:47:in `new'
/usr/lib/ruby/gems/1.8/gems/chef-0.10.0/bin/../lib/chef/rest.rb:47:in `initialize'
/usr/lib/ruby/gems/1.8/gems/chef-0.10.0/bin/../lib/chef/search/query.rb:34:in `new'
/usr/lib/ruby/gems/1.8/gems/chef-0.10.0/bin/../lib/chef/search/query.rb:34:in `initialize'
/usr/lib/ruby/gems/1.8/gems/chef-0.10.0/bin/../lib/chef/mixin/language.rb:136:in `new'
/usr/lib/ruby/gems/1.8/gems/chef-0.10.0/bin/../lib/chef/mixin/language.rb:136:in `search'
/tmp/chef-solo/cookbooks/application/recipes/default.rb:20:in `from_file'
/usr/lib/ruby/gems/1.8/gems/chef-0.10.0/bin/../lib/chef/cookbook_version.rb:578:in `load_recipe'
/usr/lib/ruby/gems/1.8/gems/chef-0.10.0/bin/../lib/chef/mixin/language_include_recipe.rb:40:in `include_recipe'
/usr/lib/ruby/gems/1.8/gems/chef-0.10.0/bin/../lib/chef/mixin/language_include_recipe.rb:27:in `each'
/usr/lib/ruby/gems/1.8/gems/chef-0.10.0/bin/../lib/chef/mixin/language_include_recipe.rb:27:in `include_recipe'
/usr/lib/ruby/gems/1.8/gems/chef-0.10.0/bin/../lib/chef/run_context.rb:72:in `load'
/usr/lib/ruby/gems/1.8/gems/chef-0.10.0/bin/../lib/chef/run_context.rb:69:in `each'
/usr/lib/ruby/gems/1.8/gems/chef-0.10.0/bin/../lib/chef/run_context.rb:69:in `load'
/usr/lib/ruby/gems/1.8/gems/chef-0.10.0/bin/../lib/chef/client.rb:195:in `setup_run_context'
/usr/lib/ruby/gems/1.8/gems/chef-0.10.0/bin/../lib/chef/client.rb:159:in `run'
/usr/lib/ruby/gems/1.8/gems/chef-0.10.0/bin/../lib/chef/application/solo.rb:192:in `run_application'
/usr/lib/ruby/gems/1.8/gems/chef-0.10.0/bin/../lib/chef/application/solo.rb:183:in `loop'
/usr/lib/ruby/gems/1.8/gems/chef-0.10.0/bin/../lib/chef/application/solo.rb:183:in `run_application'
/usr/lib/ruby/gems/1.8/gems/chef-0.10.0/bin/../lib/chef/application.rb:66:in `run'
/usr/lib/ruby/gems/1.8/gems/chef-0.10.0/bin/chef-solo:25
/usr/bin/chef-solo:19:in `load'
/usr/bin/chef-solo:19